<?xml version="1.0" encoding="UTF-8"?>
<robot generator="Robot 7.4.2 (Python 3.14.3 on win32)" generated="2026-06-01T15:55:00.549853" rpa="false" schemaversion="5">
<suite id="s1" name="Teste Botao" source="C:\Users\kauad\OneDrive\Documentos\teste api\teste_botao.robot">
<test id="s1-t1" name="Testar Botao" line="5">
<kw name="Open Browser" owner="SeleniumLibrary">
<msg time="2026-06-01T15:55:01.113621" level="INFO">Opening browser 'chrome' to base url 'http://127.0.0.1:5500/index.html'.</msg>
<arg>http://127.0.0.1:5500/index.html</arg>
<arg>chrome</arg>
<doc>Opens a new browser instance to the optional ``url``.</doc>
<status status="PASS" start="2026-06-01T15:55:01.112930" elapsed="1.320913"/>
</kw>
<kw name="Click Button" owner="SeleniumLibrary">
<msg time="2026-06-01T15:55:02.437802" level="INFO">Clicking button 'xpath=//button[contains(text(),'Cadastrar Usuário')]'.</msg>
<arg>xpath=//button[contains(text(),'Cadastrar Usuário')]</arg>
<doc>Clicks the button identified by ``locator``.</doc>
<status status="PASS" start="2026-06-01T15:55:02.436002" elapsed="0.173478"/>
</kw>
<kw name="Sleep" owner="BuiltIn">
<msg time="2026-06-01T15:55:04.611926" level="INFO">Slept 2 seconds.</msg>
<arg>2s</arg>
<doc>Pauses the test executed for the given time.</doc>
<status status="PASS" start="2026-06-01T15:55:02.610158" elapsed="2.002035"/>
</kw>
<kw name="Close Browser" owner="SeleniumLibrary">
<doc>Closes the current browser.</doc>
<status status="PASS" start="2026-06-01T15:55:04.613117" elapsed="2.227282"/>
</kw>
<status status="PASS" start="2026-06-01T15:55:01.111441" elapsed="5.729864"/>
</test>
<status status="PASS" start="2026-06-01T15:55:00.552723" elapsed="6.290813"/>
</suite>
<statistics>
<total>
<stat pass="1" fail="0" skip="0">All Tests</stat>
</total>
<tag>
</tag>
<suite>
<stat name="Teste Botao" id="s1" pass="1" fail="0" skip="0">Teste Botao</stat>
</suite>
</statistics>
<errors>
</errors>
</robot>
